#
# A fatal error has been detected by the Java Runtime Environment:
#
#  EXCEPTION_UNCAUGHT_CXX_EXCEPTION (0xe06d7363) at pc=0x00007ffffbcd4f69, pid=15440, tid=15940
#
# JRE version: Java(TM) SE Runtime Environment 18.9 (11.0.13+10) (build 11.0.13+10-LTS-370)
# Java VM: Java HotSpot(TM) 64-Bit Server VM 18.9 (11.0.13+10-LTS-370, mixed mode, tiered, compressed oops, g1 gc, windows-amd64)
# Problematic frame:
# C  [KERNELBASE.dll+0x34f69]
#
# No core dump will be written. Minidumps are not enabled by default on client versions of Windows
#
# If you would like to submit a bug report, please visit:
#   https://bugreport.java.com/bugreport/crash.jsp
# The crash happened outside the Java Virtual Machine in native code.
# See problematic frame for where to report the bug.
#

---------------  S U M M A R Y ------------

Command Line: -Xmx512m 

Host: 11th Gen Intel(R) Core(TM) i7-11800H @ 2.30GHz, 16 cores, 15G,  Windows 10 , 64 bit Build 19041 (10.0.19041.1645)
Time: Wed May  4 18:35:25 2022 Europe de l’Ouest (heure d’été) elapsed time: 0.217046 seconds (0d 0h 0m 0s)

---------------  T H R E A D  ---------------

Current thread (0x000002233fa2a000):  JavaThread "main" [_thread_in_native, id=15940, stack(0x000000db9f600000,0x000000db9f7f0000)]

Stack: [0x000000db9f600000,0x000000db9f7f0000],  sp=0x000000db9f7e7e60,  free space=1951k
Native frames: (J=compiled Java code, j=interpreted, Vv=VM code, C=native code)
C  [KERNELBASE.dll+0x34f69]
C  [VCRUNTIME140.dll+0x4671]
C  [ntdll.dll+0xa1456]
C  0x00007fffa2f1955e
C  0x00007fffa2f1d6f2
C  0x00007fffa2f127d5
C  0x0000022351bbf2d7

Java frames: (J=compiled Java code, j=interpreted, Vv=VM code)
j  org.jpype.manager.TypeFactoryNative.newWrapper(JJ)V+0
j  org.jpype.JPypeContext.newWrapper(J)V+16
v  ~StubRoutines::call_stub
j  org.jpype.manager.TypeFactoryNative.newWrapper(JJ)V+0
j  org.jpype.JPypeContext.newWrapper(J)V+16
v  ~StubRoutines::call_stub
j  org.jpype.manager.TypeFactoryNative.newWrapper(JJ)V+0
j  org.jpype.JPypeContext.newWrapper(J)V+16
v  ~StubRoutines::call_stub

siginfo: EXCEPTION_UNCAUGHT_CXX_EXCEPTION (0xe06d7363), ExceptionInformation=0x0000000019930520 0x000000db9f7ea780 0x00007fffa2f5da78 0x00007fffa2ee0000 


Register to memory mapping:

RIP=0x00007ffffbcd4f69 KERNELBASE.dll
RAX=0x000000db9f7ea5e4 is pointing into the stack for thread: 0x000002233fa2a000
RBX=0x000000db9f7e97e0 is pointing into the stack for thread: 0x000002233fa2a000
RCX=0x00000223616cedf0 is pointing into metadata
RDX=0x000000db9f7e7210 is pointing into the stack for thread: 0x000002233fa2a000
RSP=0x000000db9f7e7e60 is pointing into the stack for thread: 0x000002233fa2a000
RBP=0x000000db9f7e8510 is pointing into the stack for thread: 0x000002233fa2a000
RSI=0x000000db9f7ea5f0 is pointing into the stack for thread: 0x000002233fa2a000
RDI=0x000000db9f7e8cb0 is pointing into the stack for thread: 0x000002233fa2a000
R8 =0x0000000000000011 is an unknown value
R9 =0x0000022361682e40 is pointing into metadata
R10=0x0000022361453d40 is pointing into metadata
R11=0x0000022361451de0 is pointing into metadata
R12=0x000000db9f7e7fa0 is pointing into the stack for thread: 0x000002233fa2a000
R13=0x0 is NULL
R14=0x000000db9f7e8e18 is pointing into the stack for thread: 0x000002233fa2a000
R15=0x0 is NULL


Registers:
RAX=0x000000db9f7ea5e4, RBX=0x000000db9f7e97e0, RCX=0x00000223616cedf0, RDX=0x000000db9f7e7210
RSP=0x000000db9f7e7e60, RBP=0x000000db9f7e8510, RSI=0x000000db9f7ea5f0, RDI=0x000000db9f7e8cb0
R8 =0x0000000000000011, R9 =0x0000022361682e40, R10=0x0000022361453d40, R11=0x0000022361451de0
R12=0x000000db9f7e7fa0, R13=0x0000000000000000, R14=0x000000db9f7e8e18, R15=0x0000000000000000
RIP=0x00007ffffbcd4f69, EFLAGS=0x0000000000000202

Top of Stack: (sp=0x000000db9f7e7e60)
0x000000db9f7e7e60:   0000000000000000 000000db9f7e97e0
0x000000db9f7e7e70:   000000db9f7ea5f0 00007fffa2ee92c0
0x000000db9f7e7e80:   00000001e06d7363 0000000000000000
0x000000db9f7e7e90:   00007ffffbcd4f69 000000db00000004
0x000000db9f7e7ea0:   0000000019930520 000000db9f7ea780
0x000000db9f7e7eb0:   00007fffa2f5da78 00007fffa2ee0000
0x000000db9f7e7ec0:   0000b3b2204944b9 00007fffa2f2ffd3
0x000000db9f7e7ed0:   000000db9f7e97e0 00007ffff33867da
0x000000db9f7e7ee0:   000000db0000007f 00007ffff3396280
0x000000db9f7e7ef0:   3a432f3a656c6966 00007fff616cd5d8
0x000000db9f7e7f00:   000000db9f7e8cb0 00007ffff3386719
0x000000db9f7e7f10:   000000db9f7e97e0 000000db9f7ea5f0
0x000000db9f7e7f20:   0000acaa327c8055 ffffffff615c1970
0x000000db9f7e7f30:   000000db9f7e97e0 00007ffff3384671
0x000000db9f7e7f40:   00007fffa2f2ff94 000000db9f7e8e18
0x000000db9f7e7f50:   0000000000000100 000000db616cd590 

Instructions: (pc=0x00007ffffbcd4f69)
0x00007ffffbcd4f49:   8b d1 44 0f 47 c0 44 89 44 24 38 49 c1 e0 03 e8
0x00007ffffbcd4f59:   fa d6 05 00 48 8d 4c 24 20 48 ff 15 1f 9f 18 00
0x00007ffffbcd4f69:   0f 1f 44 00 00 48 8b 8c 24 c0 00 00 00 48 33 cc
0x00007ffffbcd4f79:   e8 22 98 05 00 48 81 c4 d8 00 00 00 c3 cc 83 64 


Stack slot to memory mapping:
stack at sp + 0 slots: 0x0 is NULL
stack at sp + 1 slots: 0x000000db9f7e97e0 is pointing into the stack for thread: 0x000002233fa2a000
stack at sp + 2 slots: 0x000000db9f7ea5f0 is pointing into the stack for thread: 0x000002233fa2a000
stack at sp + 3 slots: 0x00007fffa2ee92c0 points into unknown readable memory: 0x4c76048d4b3e8948 | 48 89 3e 4b 8d 04 76 4c
stack at sp + 4 slots: 0x00000001e06d7363 is an unknown value
stack at sp + 5 slots: 0x0 is NULL
stack at sp + 6 slots: 0x00007ffffbcd4f69 KERNELBASE.dll
stack at sp + 7 slots: 0x000000db00000004 is an unknown value


---------------  P R O C E S S  ---------------

Threads class SMR info:
_java_thread_list=0x000002234025be80, length=14, elements={
0x000002233fa2a000, 0x000002233fd1d800, 0x000002233fd7c800, 0x000002233fda1800,
0x000002233fda2800, 0x000002233fda4000, 0x000002233fda6000, 0x000002233fda8800,
0x000002233fdab800, 0x000002233ff43000, 0x000002233ffa7800, 0x000002233ffce800,
0x000002233ffcf000, 0x000002233ffa5000
}

Java Threads: ( => current thread )
=>0x000002233fa2a000 JavaThread "main" [_thread_in_native, id=15940, stack(0x000000db9f600000,0x000000db9f7f0000)]
  0x000002233fd1d800 JavaThread "Reference Handler" daemon [_thread_blocked, id=11692, stack(0x000000dba4380000,0x000000dba4570000)]
  0x000002233fd7c800 JavaThread "Finalizer" daemon [_thread_blocked, id=11256, stack(0x000000dba4570000,0x000000dba4760000)]
  0x000002233fda1800 JavaThread "Signal Dispatcher" daemon [_thread_blocked, id=14732, stack(0x000000dba4760000,0x000000dba4950000)]
  0x000002233fda2800 JavaThread "Attach Listener" daemon [_thread_blocked, id=6404, stack(0x000000dba4950000,0x000000dba4b40000)]
  0x000002233fda4000 JavaThread "Service Thread" daemon [_thread_blocked, id=16676, stack(0x000000dba4b40000,0x000000dba4d30000)]
  0x000002233fda6000 JavaThread "C2 CompilerThread0" daemon [_thread_blocked, id=10192, stack(0x000000dba4d30000,0x000000dba4f20000)]
  0x000002233fda8800 JavaThread "C1 CompilerThread0" daemon [_thread_blocked, id=11372, stack(0x000000dba4f20000,0x000000dba5110000)]
  0x000002233fdab800 JavaThread "Sweeper thread" daemon [_thread_blocked, id=14128, stack(0x000000dba5110000,0x000000dba5300000)]
  0x000002233ff43000 JavaThread "C1 CompilerThread1" daemon [_thread_blocked, id=8932, stack(0x000000dba5300000,0x000000dba54f0000)]
  0x000002233ffa7800 JavaThread "Common-Cleaner" daemon [_thread_blocked, id=15364, stack(0x000000dba56e0000,0x000000dba58d0000)]
  0x000002233ffce800 JavaThread "C2 CompilerThread1" daemon [_thread_blocked, id=12216, stack(0x000000dba58d0000,0x000000dba5ac0000)]
  0x000002233ffcf000 JavaThread "C2 CompilerThread2" daemon [_thread_blocked, id=12372, stack(0x000000dba5ac0000,0x000000dba5cb0000)]
  0x000002233ffa5000 JavaThread "SIGINT handler" daemon [_thread_blocked, id=17204, stack(0x000000dba6850000,0x000000dba6a40000)]

Other Threads:
  0x000002233fd63800 VMThread "VM Thread" [stack: 0x000000dba4190000,0x000000dba4380000] [id=10228] _threads_hazard_ptr=0x000002234025be80
  0x000002233fa39800 GCTaskThread "GC Thread#0" [stack: 0x000000dba37e0000,0x000000dba39d0000] [id=18140]
  0x0000022340122000 GCTaskThread "GC Thread#1" [stack: 0x000000dba5ea0000,0x000000dba6090000] [id=3448]
  0x000002234015b000 GCTaskThread "GC Thread#2" [stack: 0x000000dba6090000,0x000000dba6280000] [id=1264]
  0x000002234015c000 GCTaskThread "GC Thread#3" [stack: 0x000000dba6280000,0x000000dba6470000] [id=10616]
  0x000002234015c800 GCTaskThread "GC Thread#4" [stack: 0x000000dba6470000,0x000000dba6660000] [id=5464]
  0x000002234015d800 GCTaskThread "GC Thread#5" [stack: 0x000000dba6660000,0x000000dba6850000] [id=14992]
  0x000002233fa3f800 ConcurrentGCThread "G1 Main Marker" [stack: 0x000000dba39d0000,0x000000dba3bc0000] [id=9104]
  0x000002233fa40000 ConcurrentGCThread "G1 Conc#0" [stack: 0x000000dba3bc0000,0x000000dba3db0000] [id=14908]
  0x000002233fb86800 ConcurrentGCThread "G1 Refine#0" [stack: 0x000000dba3db0000,0x000000dba3fa0000] [id=14396]
  0x000002233fb8d000 ConcurrentGCThread "G1 Young RemSet Sampling" [stack: 0x000000dba3fa0000,0x000000dba4190000] [id=288]

Threads with active compile tasks:

VM state:at safepoint (normal execution)

VM Mutex/Monitor currently owned by a thread:  ([mutex/lock_event])
[0x000002233fa29970] Threads_lock - owner thread: 0x000002233fd63800

Heap address: 0x00000000e0000000, size: 512 MB, Compressed Oops mode: 32-bit
Narrow klass base: 0x0000000000000000, Narrow klass shift: 3
Compressed class space size: 1073741824 Address: 0x0000000100000000

Heap:
 garbage-first heap   total 20480K, used 3282K [0x00000000e0000000, 0x0000000100000000)
  region size 1024K, 1 young (1024K), 0 survivors (0K)
 Metaspace       used 6763K, capacity 6924K, committed 7168K, reserved 1056768K
  class space    used 603K, capacity 666K, committed 768K, reserved 1048576K
Heap Regions: E=young(eden), S=young(survivor), O=old, HS=humongous(starts), HC=humongous(continues), CS=collection set, F=free, A=archive, TAMS=top-at-mark-start (previous, next)
|   0|0x00000000e0000000, 0x00000000e0100000, 0x00000000e0100000|100%|HS|  |TAMS 0x00000000e0000000, 0x00000000e0000000| Untracked 
|   1|0x00000000e0100000, 0x00000000e0200000, 0x00000000e0200000|100%|HC|  |TAMS 0x00000000e0100000, 0x00000000e0100000| Untracked 
|   2|0x00000000e0200000, 0x00000000e0295fc8, 0x00000000e0300000| 58%| O|  |TAMS 0x00000000e0200000, 0x00000000e0200000| Untracked 
|   3|0x00000000e0300000, 0x00000000e0367e50, 0x00000000e0400000| 40%| O|  |TAMS 0x00000000e0300000, 0x00000000e0300000| Untracked 
|   4|0x00000000e0400000, 0x00000000e0400000, 0x00000000e0500000|  0%| F|  |TAMS 0x00000000e0400000, 0x00000000e0400000| Untracked 
|   5|0x00000000e0500000, 0x00000000e0500000, 0x00000000e0600000|  0%| F|  |TAMS 0x00000000e0500000, 0x00000000e0500000| Untracked 
|   6|0x00000000e0600000, 0x00000000e0600000, 0x00000000e0700000|  0%| F|  |TAMS 0x00000000e0600000, 0x00000000e0600000| Untracked 
|   7|0x00000000e0700000, 0x00000000e0729308, 0x00000000e0800000| 16%| O|  |TAMS 0x00000000e0700000, 0x00000000e0700000| Untracked 
|   8|0x00000000e0800000, 0x00000000e0800000, 0x00000000e0900000|  0%| F|  |TAMS 0x00000000e0800000, 0x00000000e0800000| Untracked 
|   9|0x00000000e0900000, 0x00000000e0900000, 0x00000000e0a00000|  0%| F|  |TAMS 0x00000000e0900000, 0x00000000e0900000| Untracked 
|  10|0x00000000e0a00000, 0x00000000e0a00000, 0x00000000e0b00000|  0%| F|  |TAMS 0x00000000e0a00000, 0x00000000e0a00000| Untracked 
|  11|0x00000000e0b00000, 0x00000000e0b0d718, 0x00000000e0c00000|  5%| O|  |TAMS 0x00000000e0b00000, 0x00000000e0b00000| Untracked 
|  12|0x00000000e0c00000, 0x00000000e0c00000, 0x00000000e0d00000|  0%| F|  |TAMS 0x00000000e0c00000, 0x00000000e0c00000| Untracked 
|  13|0x00000000e0d00000, 0x00000000e0d00000, 0x00000000e0e00000|  0%| F|  |TAMS 0x00000000e0d00000, 0x00000000e0d00000| Untracked 
|  14|0x00000000e0e00000, 0x00000000e0e00000, 0x00000000e0f00000|  0%| F|  |TAMS 0x00000000e0e00000, 0x00000000e0e00000| Untracked 
|  15|0x00000000e0f00000, 0x00000000e0f00000, 0x00000000e1000000|  0%| F|  |TAMS 0x00000000e0f00000, 0x00000000e0f00000| Untracked 
|  16|0x00000000e1000000, 0x00000000e1000000, 0x00000000e1100000|  0%| F|  |TAMS 0x00000000e1000000, 0x00000000e1000000| Untracked 
|  17|0x00000000e1100000, 0x00000000e1100000, 0x00000000e1200000|  0%| F|  |TAMS 0x00000000e1100000, 0x00000000e1100000| Untracked 
|  18|0x00000000e1200000, 0x00000000e1200000, 0x00000000e1300000|  0%| F|  |TAMS 0x00000000e1200000, 0x00000000e1200000| Untracked 
|  19|0x00000000e1300000, 0x00000000e13cce50, 0x00000000e1400000| 80%| E|  |TAMS 0x00000000e1300000, 0x00000000e1300000| Complete 

Card table byte_map: [0x0000022340f10000,0x0000022341010000] _byte_map_base: 0x0000022340810000

Marking Bits (Prev, Next): (CMBitMap*) 0x000002233a6593e8, (CMBitMap*) 0x000002233a659420
 Prev Bits: [0x0000022341110000, 0x0000022341910000)
 Next Bits: [0x0000022341910000, 0x0000022342110000)

Polling page: 0x000002233d950000

Metaspace:

Usage:
  Non-class:      6.11 MB capacity,     6.02 MB ( 98%) used,    94.66 KB (  2%) free+waste,     3.75 KB ( <1%) overhead. 
      Class:    666.00 KB capacity,   603.55 KB ( 91%) used,    60.77 KB (  9%) free+waste,     1.69 KB ( <1%) overhead. 
       Both:      6.76 MB capacity,     6.60 MB ( 98%) used,   155.42 KB (  2%) free+waste,     5.44 KB ( <1%) overhead. 

Virtual space:
  Non-class space:        8.00 MB reserved,       6.25 MB ( 78%) committed 
      Class space:        1.00 GB reserved,     768.00 KB ( <1%) committed 
             Both:        1.01 GB reserved,       7.00 MB ( <1%) committed 

Chunk freelists:
   Non-Class:  1.75 KB
       Class:  768 bytes
        Both:  2.50 KB

CodeHeap 'non-profiled nmethods': size=119168Kb used=81Kb max_used=81Kb free=119086Kb
 bounds [0x0000022359750000, 0x00000223599c0000, 0x0000022360bb0000]
CodeHeap 'profiled nmethods': size=119168Kb used=576Kb max_used=576Kb free=118591Kb
 bounds [0x00000223522f0000, 0x0000022352560000, 0x0000022359750000]
CodeHeap 'non-nmethods': size=7424Kb used=1641Kb max_used=1653Kb free=5782Kb
 bounds [0x0000022351bb0000, 0x0000022351e20000, 0x00000223522f0000]
 total_blobs=753 nmethods=391 adapters=273
 compilation: enabled
              stopped_count=0, restarted_count=0
 full_count=0

Compilation events (10 events):
Event: 0.138 Thread 0x000002233ff43000  384       3       java.util.StringJoiner::add (104 bytes)
Event: 0.138 Thread 0x000002233fda8800  380       3       org.jpype.manager.TypeManager::isBeanAccessor (59 bytes)
Event: 0.138 Thread 0x000002233fda8800 nmethod 380 0x000002235237e110 code [0x000002235237e320, 0x000002235237e9c8]
Event: 0.138 Thread 0x000002233fda8800  374       3       java.util.ArrayList::<init> (12 bytes)
Event: 0.138 Thread 0x000002233ff43000 nmethod 384 0x000002235237ec10 code [0x000002235237ee40, 0x000002235237f818]
Event: 0.138 Thread 0x000002233fda8800 nmethod 374 0x000002235237fb90 code [0x000002235237fd40, 0x000002235237ffd8]
Event: 0.138 Thread 0x000002233ff43000  379       1       java.lang.reflect.Method::getAnnotationBytes (5 bytes)
Event: 0.138 Thread 0x000002233fda8800  381       1       java.lang.reflect.Modifier::methodModifiers (4 bytes)
Event: 0.138 Thread 0x000002233fda8800 nmethod 381 0x0000022359763f10 code [0x00000223597640a0, 0x0000022359764138]
Event: 0.138 Thread 0x000002233ff43000 nmethod 379 0x0000022359764190 code [0x0000022359764320, 0x00000223597643d8]

GC Heap History (2 events):
Event: 0.129 GC heap before
{Heap before GC invocations=0 (full 0):
 garbage-first heap   total 258048K, used 5120K [0x00000000e0000000, 0x0000000100000000)
  region size 1024K, 4 young (4096K), 0 survivors (0K)
 Metaspace       used 6697K, capacity 6825K, committed 7040K, reserved 1056768K
  class space    used 597K, capacity 633K, committed 640K, reserved 1048576K
}
Event: 0.133 GC heap after
{Heap after GC invocations=1 (full 1):
 garbage-first heap   total 20480K, used 3282K [0x00000000e0000000, 0x0000000100000000)
  region size 1024K, 0 young (0K), 0 survivors (0K)
 Metaspace       used 6697K, capacity 6825K, committed 7040K, reserved 1056768K
  class space    used 597K, capacity 633K, committed 640K, reserved 1048576K
}

Deoptimization events (1 events):
Event: 0.098 Thread 0x000002233fa2a000 Uncommon trap: reason=unstable_if action=reinterpret pc=0x0000022359754810 method=java.lang.String.hashCode()I @ 14 c2

Classes redefined (0 events):
No events

Internal exceptions (1 events):
Event: 0.084 Thread 0x000002233fa2a000 Exception <a 'java/lang/NoClassDefFoundError'{0x00000000efa86780}: org/jpype/classloader/DynamicClassLoader> (0x00000000efa86780) thrown at [./open/src/hotspot/share/classfile/systemDictionary.cpp, line 216]

Events (10 events):
Event: 0.141 Thread 0x000002233ffa8800 Thread added: 0x000002233ffa8800
Event: 0.151 Executing VM operation: ThreadDump
Event: 0.151 Executing VM operation: ThreadDump done
Event: 0.152 Executing VM operation: RevokeBias
Event: 0.152 Executing VM operation: RevokeBias done
Event: 0.202 Thread 0x000002233ffa6800 Thread exited: 0x000002233ffa6800
Event: 0.203 Executing VM operation: RevokeBias
Event: 0.203 Executing VM operation: RevokeBias done
Event: 0.203 Thread 0x000002233ffa8800 Thread exited: 0x000002233ffa8800
Event: 0.204 Executing VM operation: Exit


Dynamic libraries:
0x00007ff705ce0000 - 0x00007ff705cfc000 	C:\Users\Seb\AppData\Local\Programs\Python\Python39\python.exe
0x00007ffffe310000 - 0x00007ffffe505000 	C:\Windows\SYSTEM32\ntdll.dll
0x00007ffffca20000 - 0x00007ffffcade000 	C:\Windows\System32\KERNEL32.DLL
0x00007ffffbca0000 - 0x00007ffffbf68000 	C:\Windows\System32\KERNELBASE.dll
0x00007ffffc220000 - 0x00007ffffc320000 	C:\Windows\System32\ucrtbase.dll
0x00007ffff3380000 - 0x00007ffff339b000 	C:\Users\Seb\AppData\Local\Programs\Python\Python39\VCRUNTIME140.dll
0x00007fffb30b0000 - 0x00007fffb3524000 	C:\Users\Seb\AppData\Local\Programs\Python\Python39\python39.dll
0x00007ffffcdd0000 - 0x00007ffffce3b000 	C:\Windows\System32\WS2_32.dll
0x00007ffffe1a0000 - 0x00007ffffe2c5000 	C:\Windows\System32\RPCRT4.dll
0x00007ffff3530000 - 0x00007ffff353a000 	C:\Windows\SYSTEM32\VERSION.dll
0x00007ffffcf60000 - 0x00007ffffd00e000 	C:\Windows\System32\ADVAPI32.dll
0x00007ffffcae0000 - 0x00007ffffcb7e000 	C:\Windows\System32\msvcrt.dll
0x00007ffffdbf0000 - 0x00007ffffdc8c000 	C:\Windows\System32\sechost.dll
0x00007ffffb3f0000 - 0x00007ffffb408000 	C:\Windows\SYSTEM32\CRYPTSP.dll
0x00007ffffab10000 - 0x00007ffffab44000 	C:\Windows\system32\rsaenh.dll
0x00007ffffbfe0000 - 0x00007ffffc007000 	C:\Windows\System32\bcrypt.dll
0x00007ffffb410000 - 0x00007ffffb41c000 	C:\Windows\SYSTEM32\CRYPTBASE.dll
0x00007ffffba30000 - 0x00007ffffbab2000 	C:\Windows\System32\bcryptPrimitives.dll
0x00007ffff3010000 - 0x00007ffff301f000 	C:\Users\Seb\AppData\Local\Programs\Python\Python39\python3.DLL
0x00007ffff3000000 - 0x00007ffff3009000 	C:\Users\Seb\AppData\Local\Programs\Python\Python39\DLLs\_queue.pyd
0x00007fffef920000 - 0x00007fffef941000 	C:\Users\Seb\AppData\Local\Programs\Python\Python39\DLLs\_ctypes.pyd
0x00007ffffc400000 - 0x00007ffffc52a000 	C:\Windows\System32\ole32.dll
0x00007fffef8c0000 - 0x00007fffef8cb000 	C:\Users\Seb\AppData\Local\Programs\Python\Python39\DLLs\libffi-7.dll
0x00007ffffdde0000 - 0x00007ffffe134000 	C:\Windows\System32\combase.dll
0x00007ffffc9f0000 - 0x00007ffffca1a000 	C:\Windows\System32\GDI32.dll
0x00007ffffbc70000 - 0x00007ffffbc92000 	C:\Windows\System32\win32u.dll
0x00007ffffbb60000 - 0x00007ffffbc6b000 	C:\Windows\System32\gdi32full.dll
0x00007ffffbac0000 - 0x00007ffffbb5d000 	C:\Windows\System32\msvcp_win.dll
0x00007ffffc850000 - 0x00007ffffc9f0000 	C:\Windows\System32\USER32.dll
0x00007ffffc780000 - 0x00007ffffc84d000 	C:\Windows\System32\OLEAUT32.dll
0x00007ffffc750000 - 0x00007ffffc780000 	C:\Windows\System32\IMM32.DLL
0x0000000066100000 - 0x0000000067fa6000 	C:\Users\Seb\AppData\Local\Programs\Python\Python39\lib\site-packages\numpy\.libs\libopenblas.EL2C6PLE4ZYW3ECEVIV3OXXGRN2NRFM2.gfortran-win_amd64.dll
0x00007fffb1d70000 - 0x00007fffb206e000 	C:\Users\Seb\AppData\Local\Programs\Python\Python39\lib\site-packages\numpy\core\_multiarray_umath.cp39-win_amd64.pyd
0x00007fffeb310000 - 0x00007fffeb332000 	C:\Users\Seb\AppData\Local\Programs\Python\Python39\lib\site-packages\numpy\core\_multiarray_tests.cp39-win_amd64.pyd
0x00007fffebfd0000 - 0x00007fffebfe6000 	C:\Users\Seb\AppData\Local\Programs\Python\Python39\DLLs\_socket.pyd
0x00007ffffaea0000 - 0x00007ffffaedb000 	C:\Windows\SYSTEM32\IPHLPAPI.DLL
0x00007fffebfb0000 - 0x00007fffebfba000 	C:\Users\Seb\AppData\Local\Programs\Python\Python39\DLLs\select.pyd
0x00007fffeb1b0000 - 0x00007fffeb1df000 	C:\Users\Seb\AppData\Local\Programs\Python\Python39\lib\site-packages\numpy\linalg\_umath_linalg.cp39-win_amd64.pyd
0x00007fffea2a0000 - 0x00007fffea2c1000 	C:\Users\Seb\AppData\Local\Programs\Python\Python39\lib\site-packages\numpy\fft\_pocketfft_internal.cp39-win_amd64.pyd
0x00007fffbc7a0000 - 0x00007fffbc835000 	C:\Users\Seb\AppData\Local\Programs\Python\Python39\lib\site-packages\numpy\random\mtrand.cp39-win_amd64.pyd
0x00007fffea270000 - 0x00007fffea29b000 	C:\Users\Seb\AppData\Local\Programs\Python\Python39\lib\site-packages\numpy\random\bit_generator.cp39-win_amd64.pyd
0x00007fffe7440000 - 0x00007fffe7472000 	C:\Users\Seb\AppData\Local\Programs\Python\Python39\lib\site-packages\numpy\random\_common.cp39-win_amd64.pyd
0x00007fffeb2f0000 - 0x00007fffeb303000 	C:\Users\Seb\AppData\Local\Programs\Python\Python39\DLLs\_hashlib.pyd
0x00007fffa3ab0000 - 0x00007fffa3dfd000 	C:\Users\Seb\AppData\Local\Programs\Python\Python39\DLLs\libcrypto-1_1.dll
0x00007fffd1010000 - 0x00007fffd1054000 	C:\Users\Seb\AppData\Local\Programs\Python\Python39\lib\site-packages\numpy\random\_bounded_integers.cp39-win_amd64.pyd
0x00007fffeaef0000 - 0x00007fffeaf08000 	C:\Users\Seb\AppData\Local\Programs\Python\Python39\lib\site-packages\numpy\random\_mt19937.cp39-win_amd64.pyd
0x00007fffea250000 - 0x00007fffea267000 	C:\Users\Seb\AppData\Local\Programs\Python\Python39\lib\site-packages\numpy\random\_philox.cp39-win_amd64.pyd
0x00007fffd1e10000 - 0x00007fffd1e29000 	C:\Users\Seb\AppData\Local\Programs\Python\Python39\lib\site-packages\numpy\random\_pcg64.cp39-win_amd64.pyd
0x00007fffce2f0000 - 0x00007fffce302000 	C:\Users\Seb\AppData\Local\Programs\Python\Python39\lib\site-packages\numpy\random\_sfc64.cp39-win_amd64.pyd
0x00007fffb85b0000 - 0x00007fffb865f000 	C:\Users\Seb\AppData\Local\Programs\Python\Python39\lib\site-packages\numpy\random\_generator.cp39-win_amd64.pyd
0x00007fffb8750000 - 0x00007fffb87a6000 	C:\Users\Seb\AppData\Local\Programs\Python\Python39\lib\site-packages\imagecodecs\_imcd.cp39-win_amd64.pyd
0x00007fffc87e0000 - 0x00007fffc8816000 	C:\Users\Seb\AppData\Local\Programs\Python\Python39\lib\site-packages\imagecodecs\_shared.cp39-win_amd64.pyd
0x00007fffba8e0000 - 0x00007fffba922000 	C:\Users\Seb\AppData\Local\Programs\Python\Python39\lib\site-packages\yaml\_yaml.cp39-win_amd64.pyd
0x00007fffce2d0000 - 0x00007fffce2e8000 	C:\Users\Seb\AppData\Local\Programs\Python\Python39\DLLs\_bz2.pyd
0x00007fffc3780000 - 0x00007fffc37aa000 	C:\Users\Seb\AppData\Local\Programs\Python\Python39\DLLs\_lzma.pyd
0x00007fffebfa0000 - 0x00007fffebfa9000 	C:\Users\Seb\AppData\Local\Programs\Python\Python39\DLLs\_uuid.pyd
0x00007fffeb1a0000 - 0x00007fffeb1aa000 	C:\Users\Seb\AppData\Local\Programs\Python\Python39\DLLs\_multiprocessing.pyd
0x00007fffc70e0000 - 0x00007fffc70f5000 	C:\Users\Seb\AppData\Local\Programs\Python\Python39\lib\site-packages\psutil\_psutil_windows.cp39-win_amd64.pyd
0x00007ffffc530000 - 0x00007ffffc538000 	C:\Windows\System32\PSAPI.DLL
0x00007ffffd480000 - 0x00007ffffdbc4000 	C:\Windows\System32\SHELL32.dll
0x00007ffffb010000 - 0x00007ffffb05b000 	C:\Windows\SYSTEM32\POWRPROF.dll
0x00007fffdba90000 - 0x00007fffdbad9000 	C:\Windows\SYSTEM32\pdh.dll
0x00007ffffae80000 - 0x00007ffffae92000 	C:\Windows\SYSTEM32\UMPDC.dll
0x00007ffff35a0000 - 0x00007ffff35b4000 	C:\Windows\SYSTEM32\wtsapi32.dll
0x00007fffea240000 - 0x00007fffea248000 	C:\Users\Seb\AppData\Local\Programs\Python\Python39\lib\site-packages\markupsafe\_speedups.cp39-win_amd64.pyd
0x00007fffbe2b0000 - 0x00007fffbe2d7000 	C:\Users\Seb\AppData\Local\Programs\Python\Python39\DLLs\_ssl.pyd
0x00007ffffc010000 - 0x00007ffffc166000 	C:\Windows\System32\CRYPT32.dll
0x00007fffb2f70000 - 0x00007fffb301d000 	C:\Users\Seb\AppData\Local\Programs\Python\Python39\DLLs\libssl-1_1.dll
0x00007fffbf270000 - 0x00007fffbf282000 	C:\Users\Seb\AppData\Local\Programs\Python\Python39\DLLs\_asyncio.pyd
0x00007fffe7430000 - 0x00007fffe743e000 	C:\Users\Seb\AppData\Local\Programs\Python\Python39\DLLs\_overlapped.pyd
0x00007ffffb200000 - 0x00007ffffb26a000 	C:\Windows\system32\mswsock.dll
0x000000006a0c0000 - 0x000000006a0e9000 	C:\Users\Seb\AppData\Local\Programs\Python\Python39\lib\site-packages\scipy\.libs\libansari.54HGNEJBQIYZX5TZPCQGLNVIPFU6NWEX.gfortran-win_amd64.dll
0x000000006a980000 - 0x000000006aa1e000 	C:\Users\Seb\AppData\Local\Programs\Python\Python39\lib\site-packages\scipy\.libs\libbanded5x.XOXC7RX3VPARHQNSA77FHT76Z25UOZLU.gfortran-win_amd64.dll
0x0000000000a80000 - 0x000000000282b000 	C:\Users\Seb\AppData\Local\Programs\Python\Python39\lib\site-packages\scipy\.libs\libopenblas.XWYDX2IKJW2NMTWSFYNGFUWKQU3LYTCZ.gfortran-win_amd64.dll
0x000000006dc40000 - 0x000000006ddfb000 	C:\Users\Seb\AppData\Local\Programs\Python\Python39\lib\site-packages\scipy\.libs\libbispeu.HPSBTY5F6WJ6KJ2NXCAHI76UA2TMTBUN.gfortran-win_amd64.dll
0x0000000002830000 - 0x00000000028cb000 	C:\Users\Seb\AppData\Local\Programs\Python\Python39\lib\site-packages\scipy\.libs\libblkdta00.U666JY4QGH42XVDDCECCV32VB2RBYPEX.gfortran-win_amd64.dll
0x000000006b780000 - 0x000000006b7cf000 	C:\Users\Seb\AppData\Local\Programs\Python\Python39\lib\site-packages\scipy\.libs\libchkder.CIYBJUMHB77HZDWZ7O7OQB7IFLU42V62.gfortran-win_amd64.dll
0x0000000061b80000 - 0x0000000061c1c000 	C:\Users\Seb\AppData\Local\Programs\Python\Python39\lib\site-packages\scipy\.libs\libcobyla2.2BWZ2MDM35NG3J3FO4MPMLJ2Z6EZ6EOI.gfortran-win_amd64.dll
0x0000000065c00000 - 0x0000000065c1d000 	C:\Users\Seb\AppData\Local\Programs\Python\Python39\lib\site-packages\scipy\.libs\libdcsrch.TWU2WQ2D2VRC5ZBASJTN75WEVOQEH4AA.gfortran-win_amd64.dll
0x000000006e4c0000 - 0x000000006e4df000 	C:\Users\Seb\AppData\Local\Programs\Python\Python39\lib\site-packages\scipy\.libs\libdet.S4NRKK2ZK55CHXVW2VAB5U6LMVSMDQC6.gfortran-win_amd64.dll
0x00000000028d0000 - 0x0000000002a55000 	C:\Users\Seb\AppData\Local\Programs\Python\Python39\lib\site-packages\scipy\.libs\libdfft.XPDQVO5TQLJ3EEDPVXHI2N3W476SQYTJ.gfortran-win_amd64.dll
0x000000006b380000 - 0x000000006b53b000 	C:\Users\Seb\AppData\Local\Programs\Python\Python39\lib\site-packages\scipy\.libs\libdfitpack.CJRYIVOD4FGA5M4CI4OXI4JDEEUOILKW.gfortran-win_amd64.dll
0x0000000002a60000 - 0x0000000002cd1000 	C:\Users\Seb\AppData\Local\Programs\Python\Python39\lib\site-packages\scipy\.libs\libdgamln.PMBQQYD4BDNLX55O7TTP6O53FA4XKGYH.gfortran-win_amd64.dll
0x000000006df80000 - 0x000000006e039000 	C:\Users\Seb\AppData\Local\Programs\Python\Python39\lib\site-packages\scipy\.libs\libdqag.5VH4CTA2Q5JQJTZCIK3LTULUMFUAI4M5.gfortran-win_amd64.dll
0x0000000069100000 - 0x000000006922a000 	C:\Users\Seb\AppData\Local\Programs\Python\Python39\lib\site-packages\scipy\.libs\libd_odr.M3RPUJ6VB4HSON3MJNL5D5KIF5JDJCKV.gfortran-win_amd64.dll
0x000000006b680000 - 0x000000006b6dc000 	C:\Users\Seb\AppData\Local\Programs\Python\Python39\lib\site-packages\scipy\.libs\libgetbreak.OVE5VKMXCDNW2VIQ5RVT6Q4ZPJ23QMRC.gfortran-win_amd64.dll
0x000000006cd00000 - 0x000000006cdab000 	C:\Users\Seb\AppData\Local\Programs\Python\Python39\lib\site-packages\scipy\.libs\liblbfgsb.QNWRWLYGWHLPZ4KBMQDDDN4C5MCZIV7F.gfortran-win_amd64.dll
0x000000006ba40000 - 0x000000006bb66000 	C:\Users\Seb\AppData\Local\Programs\Python\Python39\lib\site-packages\scipy\.libs\libmvndst.BULD7SUAT7YNUSBYLU5ZVV7TQNIFM2RD.gfortran-win_amd64.dll
0x000000006a400000 - 0x000000006a47b000 	C:\Users\Seb\AppData\Local\Programs\Python\Python39\lib\site-packages\scipy\.libs\libnnls.O7YW55GFEWHHLJHC7HW56M4N2SDMEE6J.gfortran-win_amd64.dll
0x000000006a780000 - 0x000000006a7c6000 	C:\Users\Seb\AppData\Local\Programs\Python\Python39\lib\site-packages\scipy\.libs\libslsqp_op.RZ4TV2HJX5AEA5VT2ZSATTL3ELYSVEN7.gfortran-win_amd64.dll
0x0000000062180000 - 0x00000000622e7000 	C:\Users\Seb\AppData\Local\Programs\Python\Python39\lib\site-packages\scipy\.libs\libspecfun.OGUV3EZXE6PFA7VHXS36IRLE5K54SPJS.gfortran-win_amd64.dll
0x0000000002ce0000 - 0x0000000002d0f000 	C:\Users\Seb\AppData\Local\Programs\Python\Python39\lib\site-packages\scipy\.libs\libwrap_dum.36BAN2NUG6LKMWD5ZRWIMITPAO57SFSB.gfortran-win_amd64.dll
0x0000000064a40000 - 0x0000000064a58000 	C:\Users\Seb\AppData\Local\Programs\Python\Python39\lib\site-packages\scipy\.libs\libwrap_dum.POYU6YFRGGMC5V5MMVDDHFCW2R3ZVGEX.gfortran-win_amd64.dll
0x0000000070bc0000 - 0x0000000070d3a000 	C:\Users\Seb\AppData\Local\Programs\Python\Python39\lib\site-packages\scipy\.libs\lib_arpack-.T6SBCJG6WQGDICRAOUIWDM5MNRH2FQNM.gfortran-win_amd64.dll
0x000000006dbc0000 - 0x000000006dbe8000 	C:\Users\Seb\AppData\Local\Programs\Python\Python39\lib\site-packages\scipy\.libs\lib_blas_su.M6HHMS3W7P5BWGPM3TDMYJ7INQPAY2VA.gfortran-win_amd64.dll
0x000000006ab40000 - 0x000000006ac0d000 	C:\Users\Seb\AppData\Local\Programs\Python\Python39\lib\site-packages\scipy\.libs\lib_cpropac.F44SGIPDRTZ4B2CC5TQKER4VL2WFFDWA.gfortran-win_amd64.dll
0x000000006b980000 - 0x000000006ba14000 	C:\Users\Seb\AppData\Local\Programs\Python\Python39\lib\site-packages\scipy\.libs\lib_dop-f2p.W23YE54JWB5C645LT3VAOCMXRFBMOXZ5.gfortran-win_amd64.dll
0x0000000002d10000 - 0x0000000002dae000 	C:\Users\Seb\AppData\Local\Programs\Python\Python39\lib\site-packages\scipy\.libs\lib_dpropac.GCEI5WEH6CTEB6ECKAV7ZRBIBH6VNY2F.gfortran-win_amd64.dll
0x000000006cf40000 - 0x000000006cfdc000 	C:\Users\Seb\AppData\Local\Programs\Python\Python39\lib\site-packages\scipy\.libs\lib_lsoda-f.B7AD44L5W4DJY54D4PZKAM34FZIGZWXW.gfortran-win_amd64.dll
0x0000000062700000 - 0x000000006279e000 	C:\Users\Seb\AppData\Local\Programs\Python\Python39\lib\site-packages\scipy\.libs\lib_spropac.TWWBOW3N3WR2XSXKH2IHGCHNSIM4VW6D.gfortran-win_amd64.dll
0x0000000069f40000 - 0x0000000069fb7000 	C:\Users\Seb\AppData\Local\Programs\Python\Python39\lib\site-packages\scipy\.libs\lib_test_fo.BMG7XNVQO3Y6HRRDJ5ONJJ54IWAYGMM4.gfortran-win_amd64.dll
0x0000000002db0000 - 0x0000000002e87000 	C:\Users\Seb\AppData\Local\Programs\Python\Python39\lib\site-packages\scipy\.libs\lib_vode-f2.AJ2KLY63CBE56KQMRXTBQKLRB6KT4XSB.gfortran-win_amd64.dll
0x0000000070580000 - 0x0000000070668000 	C:\Users\Seb\AppData\Local\Programs\Python\Python39\lib\site-packages\scipy\.libs\lib_zpropac.5D5OHFEWLKXPQX3UAR3WWFWIBPXRO7AK.gfortran-win_amd64.dll
0x00007fffb3590000 - 0x00007fffb362d000 	C:\Users\Seb\AppData\Local\Programs\Python\Python39\lib\site-packages\scipy\.libs\msvcp140.dll
0x00007fffbeac0000 - 0x00007fffbead4000 	C:\Users\Seb\AppData\Local\Programs\Python\Python39\lib\site-packages\scipy\_lib\_ccallback_c.cp39-win_amd64.pyd
0x00007fffb1050000 - 0x00007fffb126e000 	C:\Users\Seb\AppData\Local\Programs\Python\Python39\lib\site-packages\scipy\sparse\_sparsetools.cp39-win_amd64.pyd
0x00007fffb2ef0000 - 0x00007fffb2f69000 	C:\Users\Seb\AppData\Local\Programs\Python\Python39\lib\site-packages\scipy\sparse\_csparsetools.cp39-win_amd64.pyd
0x00007fffb3930000 - 0x00007fffb3984000 	C:\Users\Seb\AppData\Local\Programs\Python\Python39\lib\site-packages\scipy\sparse\csgraph\_shortest_path.cp39-win_amd64.pyd
0x00007fffb84d0000 - 0x00007fffb84f4000 	C:\Users\Seb\AppData\Local\Programs\Python\Python39\lib\site-packages\scipy\sparse\csgraph\_tools.cp39-win_amd64.pyd
0x00007fffb83e0000 - 0x00007fffb8402000 	C:\Users\Seb\AppData\Local\Programs\Python\Python39\lib\site-packages\scipy\sparse\csgraph\_traversal.cp39-win_amd64.pyd
0x00007fffb4e30000 - 0x00007fffb4e5c000 	C:\Users\Seb\AppData\Local\Programs\Python\Python39\lib\site-packages\scipy\sparse\csgraph\_min_spanning_tree.cp39-win_amd64.pyd
0x00007fffb4490000 - 0x00007fffb44cc000 	C:\Users\Seb\AppData\Local\Programs\Python\Python39\lib\site-packages\scipy\sparse\csgraph\_flow.cp39-win_amd64.pyd
0x00007fffb3070000 - 0x00007fffb30ac000 	C:\Users\Seb\AppData\Local\Programs\Python\Python39\lib\site-packages\scipy\sparse\csgraph\_matching.cp39-win_amd64.pyd
0x00007fffb2eb0000 - 0x00007fffb2ee8000 	C:\Users\Seb\AppData\Local\Programs\Python\Python39\lib\site-packages\scipy\sparse\csgraph\_reordering.cp39-win_amd64.pyd
0x00007fffbdf90000 - 0x00007fffbdfa9000 	C:\Users\Seb\AppData\Local\Programs\Python\Python39\lib\site-packages\scipy\_lib\_uarray\_uarray.cp39-win_amd64.pyd
0x00007fffb1bd0000 - 0x00007fffb1ca2000 	C:\Users\Seb\AppData\Local\Programs\Python\Python39\lib\site-packages\scipy\special\_ufuncs.cp39-win_amd64.pyd
0x00007fffb2e80000 - 0x00007fffb2eaf000 	C:\Users\Seb\AppData\Local\Programs\Python\Python39\lib\site-packages\scipy\special\_ufuncs_cxx.cp39-win_amd64.pyd
0x00007fffb2e60000 - 0x00007fffb2e78000 	C:\Users\Seb\AppData\Local\Programs\Python\Python39\lib\site-packages\scipy\special\_specfun.cp39-win_amd64.pyd
0x00007fffb1940000 - 0x00007fffb19d3000 	C:\Users\Seb\AppData\Local\Programs\Python\Python39\lib\site-packages\scipy\linalg\_fblas.cp39-win_amd64.pyd
0x00007fffb06e0000 - 0x00007fffb08bc000 	C:\Users\Seb\AppData\Local\Programs\Python\Python39\lib\site-packages\scipy\linalg\_flapack.cp39-win_amd64.pyd
0x00007fffb1d10000 - 0x00007fffb1d6d000 	C:\Users\Seb\AppData\Local\Programs\Python\Python39\lib\site-packages\scipy\linalg\_cythonized_array_utils.cp39-win_amd64.pyd
0x00007fffb1cf0000 - 0x00007fffb1d01000 	C:\Users\Seb\AppData\Local\Programs\Python\Python39\lib\site-packages\scipy\linalg\_flinalg.cp39-win_amd64.pyd
0x00007fffb1900000 - 0x00007fffb1933000 	C:\Users\Seb\AppData\Local\Programs\Python\Python39\lib\site-packages\scipy\linalg\_solve_toeplitz.cp39-win_amd64.pyd
0x00007fffb1ba0000 - 0x00007fffb1bcf000 	C:\Users\Seb\AppData\Local\Programs\Python\Python39\lib\site-packages\scipy\linalg\_matfuncs_sqrtm_triu.cp39-win_amd64.pyd
0x00007fffb18c0000 - 0x00007fffb18ff000 	C:\Users\Seb\AppData\Local\Programs\Python\Python39\lib\site-packages\scipy\linalg\_decomp_update.cp39-win_amd64.pyd
0x00007fffb1880000 - 0x00007fffb18bb000 	C:\Users\Seb\AppData\Local\Programs\Python\Python39\lib\site-packages\scipy\linalg\cython_blas.cp39-win_amd64.pyd
0x00007fffb0bc0000 - 0x00007fffb0c5e000 	C:\Users\Seb\AppData\Local\Programs\Python\Python39\lib\site-packages\scipy\linalg\cython_lapack.cp39-win_amd64.pyd
0x00007fffe72a0000 - 0x00007fffe72ad000 	C:\Users\Seb\AppData\Local\Programs\Python\Python39\lib\site-packages\scipy\special\_comb.cp39-win_amd64.pyd

dbghelp: loaded successfully - version: 4.0.5 - missing functions: none
symbol engine: initialized successfully - sym options: 0x614 - pdb path: .

VM Arguments:
jvm_args: -Xmx512m 
java_command: <unknown>
java_class_path (initial): C:\Users\Seb\AppData\Local\Programs\Python\Python39\lib\site-packages\bioformats_jar\bioformats_package.jar
Launcher Type: generic

[Global flags]
     intx CICompilerCount                          = 12                                        {product} {ergonomic}
     uint ConcGCThreads                            = 3                                         {product} {ergonomic}
     uint G1ConcRefinementThreads                  = 13                                        {product} {ergonomic}
   size_t G1HeapRegionSize                         = 1048576                                   {product} {ergonomic}
    uintx GCDrainStackTargetSize                   = 64                                        {product} {ergonomic}
   size_t InitialHeapSize                          = 264241152                                 {product} {ergonomic}
   size_t MarkStackSize                            = 4194304                                   {product} {ergonomic}
   size_t MaxHeapSize                              = 536870912                                 {product} {command line}
   size_t MaxNewSize                               = 321912832                                 {product} {ergonomic}
   size_t MinHeapDeltaBytes                        = 1048576                                   {product} {ergonomic}
    uintx NonNMethodCodeHeapSize                   = 7594288                                {pd product} {ergonomic}
    uintx NonProfiledCodeHeapSize                  = 122031976                              {pd product} {ergonomic}
    uintx ProfiledCodeHeapSize                     = 122031976                              {pd product} {ergonomic}
    uintx ReservedCodeCacheSize                    = 251658240                              {pd product} {ergonomic}
     bool SegmentedCodeCache                       = true                                      {product} {ergonomic}
     bool UseCompressedClassPointers               = true                                 {lp64_product} {ergonomic}
     bool UseCompressedOops                        = true                                 {lp64_product} {ergonomic}
     bool UseG1GC                                  = true                                      {product} {ergonomic}
     bool UseLargePagesIndividualAllocation        = false                                  {pd product} {ergonomic}

Logging:
Log output configuration:
 #0: stdout all=warning uptime,level,tags
 #1: stderr all=off uptime,level,tags

Environment Variables:
JAVA_HOME=C:\Program Files\Java\jdk-11.0.13
PATH=C:\Users\Seb\AppData\Local\Programs\Python\Python39\Lib\site-packages\cv2\../../x64/vc14/bin;C:\Users\Seb\AppData\Local\Programs\Python\Python39\lib\site-packages\PyQt5\Qt5\bin;C:\Program Files\Common Files\Oracle\Java\javapath;C:\Program Files\NVIDIA GPU Computing Toolkit\CUDA\v11.2\bin;C:\Program Files\NVIDIA GPU Computing Toolkit\CUDA\v11.2\libnvvp;C:\Program Files\Microsoft\jdk-11.0.12.7-hotspot\bin;C:\Windows\system32;C:\Windows;C:\Windows\System32\Wbem;C:\Windows\System32\WindowsPowerShell\v1.0\;C:\Windows\System32\OpenSSH\;C:\Program Files (x86)\NVIDIA Corporation\PhysX\Common;C:\Program Files\NVIDIA Corporation\Nsight Compute 2020.3.0\;C:\Program Files\NVIDIA GPU Computing Toolkit\CUDA\v11.2\bin;C:\Program Files\NVIDIA GPU Computing Toolkit\CUDA\v11.2\extras\CUPTI\lib64;C:\Program Files\NVIDIA GPU Computing Toolkit\CUDA\v11.2\include;C:\cuda\bin;C:\Program Files\Git\cmd;C:\Program Files\CMake\bin;C:\Program Files (x86)\GHDL\bin;C:\Program Files\dotnet\;C:\Program Files\NVIDIA Corporation\NVIDIA NvDLISR;C:\Users\Seb\AppData\Local\Programs\Python\Python39\Scripts\;C:\Users\Seb\AppData\Local\Programs\Python\Python39\;C:\Users\Seb\AppData\Local\Microsoft\WindowsApps;C:\Users\Seb\AppData\Local\Programs\Microsoft VS Code\bin;C:\Users\Seb\.dotnet\tools;
USERNAME=Seb
OS=Windows_NT
PROCESSOR_IDENTIFIER=Intel64 Family 6 Model 141 Stepping 1, GenuineIntel



---------------  S Y S T E M  ---------------

OS: Windows 10 , 64 bit Build 19041 (10.0.19041.1645)

CPU:total 16 (initial active 16) (8 cores per cpu, 2 threads per core) family 6 model 141 stepping 1 microcode 0x3c, cmov, cx8, fxsr, mmx, sse, sse2, sse3, ssse3, sse4.1, sse4.2, popcnt, avx, avx2, aes, clmul, erms, 3dnowpref, lzcnt, ht, tsc, tscinvbit, bmi1, bmi2, adx, evex, sha, fma

Memory: 4k page, system-wide physical 16122M (7897M free)
TotalPageFile size 57232M (AvailPageFile size 42980M)
current process WorkingSet (physical memory assigned to process): 387M, peak: 435M
current process commit charge ("private bytes"): 1426M, peak: 1685M

vm_info: Java HotSpot(TM) 64-Bit Server VM (11.0.13+10-LTS-370) for windows-amd64 JRE (11.0.13+10-LTS-370), built on Sep 15 2021 22:10:36 by "mach5one" with MS VC++ 15.9 (VS2017)

END.
